<?xml version="1.0" encoding="UTF-8"?>
<!-- Generated by org.testng.reporters.JUnitReportReporter -->
<testsuite hostname="DESKTOP-KJ2AQ4I" failures="0" tests="1" name="restassure.googlemaps" time="4.508" errors="0" timestamp="15 Nov 2022 08:18:19 GMT">
  <testcase classname="restassure.googlemaps" name="add1" time="4.508"/>
</testsuite> <!-- restassure.googlemaps -->
