<?xml version="1.0" encoding="UTF-8"?>
<!-- Generated by org.testng.reporters.JUnitReportReporter -->
<testsuite hostname="DESKTOP-KJ2AQ4I" failures="0" tests="2" name="restassure.googlemaps_practice" time="4.709" errors="0" timestamp="19 Nov 2022 06:37:51 GMT">
  <testcase classname="restassure.googlemaps_practice" name="delete" time="0.259"/>
  <testcase classname="restassure.googlemaps_practice" name="add" time="4.450"/>
</testsuite> <!-- restassure.googlemaps_practice -->
