<?xml version="1.0" encoding="UTF-8"?>
<!-- Generated by org.testng.reporters.JUnitReportReporter -->
<testsuite hostname="DESKTOP-KJ2AQ4I" failures="0" tests="1" name="restassure.trellorestassure" time="3.860" errors="0" timestamp="15 Nov 2022 06:51:14 GMT">
  <testcase classname="restassure.trellorestassure" name="getaboard" time="3.860"/>
</testsuite> <!-- restassure.trellorestassure -->
