<?xml version="1.0" encoding="UTF-8"?>
<!-- Generated by org.testng.reporters.JUnitReportReporter -->
<testsuite hostname="DESKTOP-KJ2AQ4I" failures="0" tests="1" name="restassure.reqrestassure" time="4.417" errors="0" timestamp="14 Nov 2022 16:28:39 GMT">
  <testcase classname="restassure.reqrestassure" name="creat" time="4.417"/>
</testsuite> <!-- restassure.reqrestassure -->
