<?xml version="1.0" encoding="UTF-8"?>
<!-- Generated by org.testng.reporters.JUnitReportReporter -->
<testsuite hostname="DESKTOP-KJ2AQ4I" failures="0" tests="1" name="restassure.googlemaps2" time="5.494" errors="0" timestamp="19 Nov 2022 06:10:18 GMT">
  <testcase classname="restassure.googlemaps2" name="add1" time="5.494"/>
</testsuite> <!-- restassure.googlemaps2 -->
