<?xml version="1.0" encoding="UTF-8"?>
<!-- Generated by org.testng.reporters.JUnitReportReporter -->
<testsuite hostname="DESKTOP-KJ2AQ4I" failures="0" tests="1" name="restassure.restassure" time="4.925" errors="0" timestamp="14 Nov 2022 11:51:49 GMT">
  <testcase classname="restassure.restassure" name="register" time="4.925"/>
</testsuite> <!-- restassure.restassure -->
