<?xml version="1.0" encoding="UTF-8"?>
<!-- Generated by org.testng.reporters.JUnitReportReporter -->
<testsuite hostname="DESKTOP-KJ2AQ4I" failures="0" tests="2" name="restassure.trello1" time="9.688" errors="0" timestamp="15 Nov 2022 08:01:43 GMT">
  <testcase classname="restassure.trello1" name="createBoard" time="8.392"/>
  <testcase classname="restassure.trello1" name="delete" time="1.296"/>
</testsuite> <!-- restassure.trello1 -->
