<?xml version="1.0" encoding="UTF-8"?>
<!-- Generated by org.testng.reporters.JUnitReportReporter -->
<testsuite hostname="DESKTOP-KJ2AQ4I" failures="0" tests="1" name="restassure.ecommerce" time="6.132" errors="0" timestamp="16 Nov 2022 11:05:53 GMT">
  <testcase classname="restassure.ecommerce" name="delete_order_id" time="6.132"/>
</testsuite> <!-- restassure.ecommerce -->
